# JRE version: OpenJDK Runtime Environment (17.0.6) (build 17.0.6+0-b2043.56-9586694)
# Java VM: OpenJDK 64-Bit Server VM (17.0.6+0-b2043.56-9586694, mixed mode, tiered, compressed oops, compressed class ptrs, g1 gc, windows-amd64)
GC Precious Log:
 CPUs: 8 total, 8 available
 Memory: 10178M
 Large Page Support: Disabled
 NUMA Support: Disabled
 Compressed Oops: Enabled (32-bit)
 Heap Region Size: 1M
 Heap Min Capacity: 8M
 Heap Initial Capacity: 160M
 Heap Max Capacity: 1536M
 Pre-touch: Disabled
 Parallel Workers: 8
 Concurrent Workers: 2
 Concurrent Refinement Workers: 8
 Periodic GC: Disabled
Heap:
 garbage-first heap   total 473088K, used 290425K [0x00000000a0000000, 0x0000000100000000)
  region size 1024K, 28 young (28672K), 8 survivors (8192K)
 Metaspace       used 113607K, committed 114496K, reserved 1155072K
  class space    used 15281K, committed 15744K, reserved 1048576K
GC Heap History (20 events):
Event: 15.449 GC heap before
{Heap before GC invocations=46 (full 0):
 garbage-first heap   total 339968K, used 230498K [0x00000000a0000000, 0x0000000100000000)
  region size 1024K, 44 young (45056K), 5 survivors (5120K)
 Metaspace       used 99913K, committed 100672K, reserved 1138688K
  class space    used 13462K, committed 13824K, reserved 1048576K
}
Event: 15.458 GC heap after
{Heap after GC invocations=47 (full 0):
 garbage-first heap   total 339968K, used 194486K [0x00000000a0000000, 0x0000000100000000)
  region size 1024K, 4 young (4096K), 4 survivors (4096K)
 Metaspace       used 99913K, committed 100672K, reserved 1138688K
  class space    used 13462K, committed 13824K, reserved 1048576K
}
Event: 15.673 GC heap before
{Heap before GC invocations=47 (full 0):
 garbage-first heap   total 339968K, used 205750K [0x00000000a0000000, 0x0000000100000000)
  region size 1024K, 16 young (16384K), 4 survivors (4096K)
 Metaspace       used 101083K, committed 101824K, reserved 1138688K
  class space    used 13611K, committed 13952K, reserved 1048576K
}
Event: 15.676 GC heap after
{Heap after GC invocations=48 (full 0):
 garbage-first heap   total 339968K, used 194718K [0x00000000a0000000, 0x0000000100000000)
  region size 1024K, 1 young (1024K), 1 survivors (1024K)
 Metaspace       used 101083K, committed 101824K, reserved 1138688K
  class space    used 13611K, committed 13952K, reserved 1048576K
}
Event: 16.818 GC heap before
{Heap before GC invocations=48 (full 0):
 garbage-first heap   total 339968K, used 281758K [0x00000000a0000000, 0x0000000100000000)
  region size 1024K, 87 young (89088K), 1 survivors (1024K)
 Metaspace       used 106706K, committed 107520K, reserved 1146880K
  class space    used 14402K, committed 14784K, reserved 1048576K
}
Event: 16.825 GC heap after
{Heap after GC invocations=49 (full 0):
 garbage-first heap   total 339968K, used 201947K [0x00000000a0000000, 0x0000000100000000)
  region size 1024K, 8 young (8192K), 8 survivors (8192K)
 Metaspace       used 106706K, committed 107520K, reserved 1146880K
  class space    used 14402K, committed 14784K, reserved 1048576K
}
Event: 25.242 GC heap before
{Heap before GC invocations=49 (full 0):
 garbage-first heap   total 339968K, used 281819K [0x00000000a0000000, 0x0000000100000000)
  region size 1024K, 86 young (88064K), 8 survivors (8192K)
 Metaspace       used 108970K, committed 109824K, reserved 1146880K
  class space    used 14678K, committed 15104K, reserved 1048576K
}
Event: 25.259 GC heap after
{Heap after GC invocations=50 (full 0):
 garbage-first heap   total 339968K, used 210160K [0x00000000a0000000, 0x0000000100000000)
  region size 1024K, 9 young (9216K), 9 survivors (9216K)
 Metaspace       used 108970K, committed 109824K, reserved 1146880K
  class space    used 14678K, committed 15104K, reserved 1048576K
}
Event: 25.979 GC heap before
{Heap before GC invocations=50 (full 0):
 garbage-first heap   total 339968K, used 280816K [0x00000000a0000000, 0x0000000100000000)
  region size 1024K, 79 young (80896K), 9 survivors (9216K)
 Metaspace       used 109936K, committed 110848K, reserved 1146880K
  class space    used 14826K, committed 15296K, reserved 1048576K
}
Event: 25.990 GC heap after
{Heap after GC invocations=51 (full 0):
 garbage-first heap   total 339968K, used 219968K [0x00000000a0000000, 0x0000000100000000)
  region size 1024K, 10 young (10240K), 10 survivors (10240K)
 Metaspace       used 109936K, committed 110848K, reserved 1146880K
  class space    used 14826K, committed 15296K, reserved 1048576K
}
Event: 26.442 GC heap before
{Heap before GC invocations=51 (full 0):
 garbage-first heap   total 339968K, used 283456K [0x00000000a0000000, 0x0000000100000000)
  region size 1024K, 72 young (73728K), 10 survivors (10240K)
 Metaspace       used 110181K, committed 111040K, reserved 1146880K
  class space    used 14866K, committed 15296K, reserved 1048576K
}
Event: 26.457 GC heap after
{Heap after GC invocations=52 (full 0):
 garbage-first heap   total 339968K, used 225916K [0x00000000a0000000, 0x0000000100000000)
  region size 1024K, 6 young (6144K), 6 survivors (6144K)
 Metaspace       used 110181K, committed 111040K, reserved 1146880K
  class space    used 14866K, committed 15296K, reserved 1048576K
}
Event: 27.552 GC heap before
{Heap before GC invocations=52 (full 0):
 garbage-first heap   total 339968K, used 284284K [0x00000000a0000000, 0x0000000100000000)
  region size 1024K, 64 young (65536K), 6 survivors (6144K)
 Metaspace       used 112870K, committed 113856K, reserved 1155072K
  class space    used 15182K, committed 15680K, reserved 1048576K
}
Event: 27.561 GC heap after
{Heap after GC invocations=53 (full 0):
 garbage-first heap   total 339968K, used 230364K [0x00000000a0000000, 0x0000000100000000)
  region size 1024K, 5 young (5120K), 5 survivors (5120K)
 Metaspace       used 112870K, committed 113856K, reserved 1155072K
  class space    used 15182K, committed 15680K, reserved 1048576K
}
Event: 27.897 GC heap before
{Heap before GC invocations=53 (full 0):
 garbage-first heap   total 339968K, used 285660K [0x00000000a0000000, 0x0000000100000000)
  region size 1024K, 60 young (61440K), 5 survivors (5120K)
 Metaspace       used 112885K, committed 113856K, reserved 1155072K
  class space    used 15182K, committed 15680K, reserved 1048576K
}
Event: 27.905 GC heap after
{Heap after GC invocations=54 (full 0):
 garbage-first heap   total 339968K, used 233947K [0x00000000a0000000, 0x0000000100000000)
  region size 1024K, 8 young (8192K), 8 survivors (8192K)
 Metaspace       used 112885K, committed 113856K, reserved 1155072K
  class space    used 15182K, committed 15680K, reserved 1048576K
}
Event: 28.349 GC heap before
{Heap before GC invocations=54 (full 0):
 garbage-first heap   total 339968K, used 288219K [0x00000000a0000000, 0x0000000100000000)
  region size 1024K, 62 young (63488K), 8 survivors (8192K)
 Metaspace       used 113202K, committed 114048K, reserved 1155072K
  class space    used 15218K, committed 15680K, reserved 1048576K
}
Event: 28.359 GC heap after
{Heap after GC invocations=55 (full 0):
 garbage-first heap   total 339968K, used 237401K [0x00000000a0000000, 0x0000000100000000)
  region size 1024K, 8 young (8192K), 8 survivors (8192K)
 Metaspace       used 113202K, committed 114048K, reserved 1155072K
  class space    used 15218K, committed 15680K, reserved 1048576K
}
Event: 28.591 GC heap before
{Heap before GC invocations=55 (full 0):
 garbage-first heap   total 339968K, used 275289K [0x00000000a0000000, 0x0000000100000000)
  region size 1024K, 37 young (37888K), 8 survivors (8192K)
 Metaspace       used 113376K, committed 114240K, reserved 1155072K
  class space    used 15236K, committed 15680K, reserved 1048576K
}
Event: 28.600 GC heap after
{Heap after GC invocations=56 (full 0):
 garbage-first heap   total 339968K, used 256633K [0x00000000a0000000, 0x0000000100000000)
  region size 1024K, 8 young (8192K), 8 survivors (8192K)
 Metaspace       used 113376K, committed 114240K, reserved 1155072K
  class space    used 15236K, committed 15680K, reserved 1048576K
}

