# JRE version: OpenJDK Runtime Environment (17.0.6) (build 17.0.6+0-b2043.56-9586694)
# Java VM: OpenJDK 64-Bit Server VM (17.0.6+0-b2043.56-9586694, mixed mode, tiered, compressed oops, compressed class ptrs, g1 gc, windows-amd64)
GC Precious Log:
 CPUs: 8 total, 8 available
 Memory: 10178M
 Large Page Support: Disabled
 NUMA Support: Disabled
 Compressed Oops: Enabled (Zero based)
 Heap Region Size: 2M
 Heap Min Capacity: 8M
 Heap Initial Capacity: 160M
 Heap Max Capacity: 2546M
 Pre-touch: Disabled
 Parallel Workers: 8
 Concurrent Workers: 2
 Concurrent Refinement Workers: 8
 Periodic GC: Disabled
Heap:
 garbage-first heap   total 131072K, used 75732K [0x0000000760e00000, 0x0000000800000000)
  region size 2048K, 7 young (14336K), 3 survivors (6144K)
 Metaspace       used 74720K, committed 75008K, reserved 1122304K
  class space    used 8449K, committed 8576K, reserved 1048576K
GC Heap History (20 events):
Event: 4.563 GC heap before
{Heap before GC invocations=17 (full 0):
 garbage-first heap   total 77824K, used 57567K [0x0000000760e00000, 0x0000000800000000)
  region size 2048K, 11 young (22528K), 1 survivors (2048K)
 Metaspace       used 51787K, committed 52096K, reserved 1097728K
  class space    used 6195K, committed 6336K, reserved 1048576K
}
Event: 4.571 GC heap after
{Heap after GC invocations=18 (full 0):
 garbage-first heap   total 77824K, used 39608K [0x0000000760e00000, 0x0000000800000000)
  region size 2048K, 2 young (4096K), 2 survivors (4096K)
 Metaspace       used 51787K, committed 52096K, reserved 1097728K
  class space    used 6195K, committed 6336K, reserved 1048576K
}
Event: 5.137 GC heap before
{Heap before GC invocations=18 (full 0):
 garbage-first heap   total 77824K, used 58040K [0x0000000760e00000, 0x0000000800000000)
  region size 2048K, 11 young (22528K), 2 survivors (4096K)
 Metaspace       used 52671K, committed 52928K, reserved 1097728K
  class space    used 6221K, committed 6336K, reserved 1048576K
}
Event: 5.151 GC heap after
{Heap after GC invocations=19 (full 0):
 garbage-first heap   total 77824K, used 43030K [0x0000000760e00000, 0x0000000800000000)
  region size 2048K, 2 young (4096K), 2 survivors (4096K)
 Metaspace       used 52671K, committed 52928K, reserved 1097728K
  class space    used 6221K, committed 6336K, reserved 1048576K
}
Event: 5.432 GC heap before
{Heap before GC invocations=20 (full 0):
 garbage-first heap   total 81920K, used 59414K [0x0000000760e00000, 0x0000000800000000)
  region size 2048K, 10 young (20480K), 2 survivors (4096K)
 Metaspace       used 52960K, committed 53248K, reserved 1097728K
  class space    used 6236K, committed 6400K, reserved 1048576K
}
Event: 5.443 GC heap after
{Heap after GC invocations=21 (full 0):
 garbage-first heap   total 81920K, used 46164K [0x0000000760e00000, 0x0000000800000000)
  region size 2048K, 2 young (4096K), 2 survivors (4096K)
 Metaspace       used 52960K, committed 53248K, reserved 1097728K
  class space    used 6236K, committed 6400K, reserved 1048576K
}
Event: 5.564 GC heap before
{Heap before GC invocations=21 (full 0):
 garbage-first heap   total 81920K, used 62548K [0x0000000760e00000, 0x0000000800000000)
  region size 2048K, 10 young (20480K), 2 survivors (4096K)
 Metaspace       used 53304K, committed 53568K, reserved 1097728K
  class space    used 6266K, committed 6400K, reserved 1048576K
}
Event: 5.572 GC heap after
{Heap after GC invocations=22 (full 0):
 garbage-first heap   total 81920K, used 48126K [0x0000000760e00000, 0x0000000800000000)
  region size 2048K, 1 young (2048K), 1 survivors (2048K)
 Metaspace       used 53304K, committed 53568K, reserved 1097728K
  class space    used 6266K, committed 6400K, reserved 1048576K
}
Event: 5.768 GC heap before
{Heap before GC invocations=23 (full 0):
 garbage-first heap   total 102400K, used 62462K [0x0000000760e00000, 0x0000000800000000)
  region size 2048K, 9 young (18432K), 1 survivors (2048K)
 Metaspace       used 54831K, committed 55104K, reserved 1105920K
  class space    used 6450K, committed 6592K, reserved 1048576K
}
Event: 5.773 GC heap after
{Heap after GC invocations=24 (full 0):
 garbage-first heap   total 102400K, used 48311K [0x0000000760e00000, 0x0000000800000000)
  region size 2048K, 1 young (2048K), 1 survivors (2048K)
 Metaspace       used 54831K, committed 55104K, reserved 1105920K
  class space    used 6450K, committed 6592K, reserved 1048576K
}
Event: 6.464 GC heap before
{Heap before GC invocations=24 (full 0):
 garbage-first heap   total 102400K, used 79031K [0x0000000760e00000, 0x0000000800000000)
  region size 2048K, 16 young (32768K), 1 survivors (2048K)
 Metaspace       used 58097K, committed 58368K, reserved 1105920K
  class space    used 6825K, committed 6976K, reserved 1048576K
}
Event: 6.474 GC heap after
{Heap after GC invocations=25 (full 0):
 garbage-first heap   total 102400K, used 52104K [0x0000000760e00000, 0x0000000800000000)
  region size 2048K, 2 young (4096K), 2 survivors (4096K)
 Metaspace       used 58097K, committed 58368K, reserved 1105920K
  class space    used 6825K, committed 6976K, reserved 1048576K
}
Event: 7.381 GC heap before
{Heap before GC invocations=26 (full 0):
 garbage-first heap   total 102400K, used 78728K [0x0000000760e00000, 0x0000000800000000)
  region size 2048K, 15 young (30720K), 2 survivors (4096K)
 Metaspace       used 60608K, committed 60864K, reserved 1105920K
  class space    used 7044K, committed 7168K, reserved 1048576K
}
Event: 7.393 GC heap after
{Heap after GC invocations=27 (full 0):
 garbage-first heap   total 102400K, used 56059K [0x0000000760e00000, 0x0000000800000000)
  region size 2048K, 2 young (4096K), 2 survivors (4096K)
 Metaspace       used 60608K, committed 60864K, reserved 1105920K
  class space    used 7044K, committed 7168K, reserved 1048576K
}
Event: 8.185 GC heap before
{Heap before GC invocations=27 (full 0):
 garbage-first heap   total 102400K, used 80635K [0x0000000760e00000, 0x0000000800000000)
  region size 2048K, 14 young (28672K), 2 survivors (4096K)
 Metaspace       used 63936K, committed 64256K, reserved 1114112K
  class space    used 7346K, committed 7488K, reserved 1048576K
}
Event: 8.196 GC heap after
{Heap after GC invocations=28 (full 0):
 garbage-first heap   total 129024K, used 58375K [0x0000000760e00000, 0x0000000800000000)
  region size 2048K, 2 young (4096K), 2 survivors (4096K)
 Metaspace       used 63936K, committed 64256K, reserved 1114112K
  class space    used 7346K, committed 7488K, reserved 1048576K
}
Event: 8.973 GC heap before
{Heap before GC invocations=29 (full 0):
 garbage-first heap   total 129024K, used 97287K [0x0000000760e00000, 0x0000000800000000)
  region size 2048K, 21 young (43008K), 2 survivors (4096K)
 Metaspace       used 69248K, committed 69568K, reserved 1114112K
  class space    used 7911K, committed 8064K, reserved 1048576K
}
Event: 8.986 GC heap after
{Heap after GC invocations=30 (full 0):
 garbage-first heap   total 129024K, used 63721K [0x0000000760e00000, 0x0000000800000000)
  region size 2048K, 3 young (6144K), 3 survivors (6144K)
 Metaspace       used 69248K, committed 69568K, reserved 1114112K
  class space    used 7911K, committed 8064K, reserved 1048576K
}
Event: 9.509 GC heap before
{Heap before GC invocations=30 (full 0):
 garbage-first heap   total 129024K, used 98537K [0x0000000760e00000, 0x0000000800000000)
  region size 2048K, 20 young (40960K), 3 survivors (6144K)
 Metaspace       used 73589K, committed 73856K, reserved 1122304K
  class space    used 8340K, committed 8448K, reserved 1048576K
}
Event: 9.526 GC heap after
{Heap after GC invocations=31 (full 0):
 garbage-first heap   total 129024K, used 69588K [0x0000000760e00000, 0x0000000800000000)
  region size 2048K, 3 young (6144K), 3 survivors (6144K)
 Metaspace       used 73589K, committed 73856K, reserved 1122304K
  class space    used 8340K, committed 8448K, reserved 1048576K
}

