# JRE version: OpenJDK Runtime Environment (17.0.6) (build 17.0.6+0-b2043.56-9586694)
# Java VM: OpenJDK 64-Bit Server VM (17.0.6+0-b2043.56-9586694, mixed mode, tiered, compressed oops, compressed class ptrs, g1 gc, windows-amd64)
GC Precious Log:
 CPUs: 8 total, 8 available
 Memory: 10178M
 Large Page Support: Disabled
 NUMA Support: Disabled
 Compressed Oops: Enabled (32-bit)
 Heap Region Size: 1M
 Heap Min Capacity: 8M
 Heap Initial Capacity: 160M
 Heap Max Capacity: 1536M
 Pre-touch: Disabled
 Parallel Workers: 8
 Concurrent Workers: 2
 Concurrent Refinement Workers: 8
 Periodic GC: Disabled
Heap:
 garbage-first heap   total 358400K, used 263804K [0x00000000a0000000, 0x0000000100000000)
  region size 1024K, 24 young (24576K), 5 survivors (5120K)
 Metaspace       used 113545K, committed 114432K, reserved 1155072K
  class space    used 15243K, committed 15680K, reserved 1048576K
GC Heap History (20 events):
Event: 13.628 GC heap before
{Heap before GC invocations=38 (full 0):
 garbage-first heap   total 353280K, used 283786K [0x00000000a0000000, 0x0000000100000000)
  region size 1024K, 107 young (109568K), 3 survivors (3072K)
 Metaspace       used 98396K, committed 99072K, reserved 1138688K
  class space    used 13324K, committed 13632K, reserved 1048576K
}
Event: 13.638 GC heap after
{Heap after GC invocations=39 (full 0):
 garbage-first heap   total 353280K, used 181767K [0x00000000a0000000, 0x0000000100000000)
  region size 1024K, 8 young (8192K), 8 survivors (8192K)
 Metaspace       used 98396K, committed 99072K, reserved 1138688K
  class space    used 13324K, committed 13632K, reserved 1048576K
}
Event: 13.720 GC heap before
{Heap before GC invocations=39 (full 0):
 garbage-first heap   total 353280K, used 189959K [0x00000000a0000000, 0x0000000100000000)
  region size 1024K, 17 young (17408K), 8 survivors (8192K)
 Metaspace       used 98491K, committed 99200K, reserved 1138688K
  class space    used 13330K, committed 13632K, reserved 1048576K
}
Event: 13.728 GC heap after
{Heap after GC invocations=40 (full 0):
 garbage-first heap   total 353280K, used 183281K [0x00000000a0000000, 0x0000000100000000)
  region size 1024K, 2 young (2048K), 2 survivors (2048K)
 Metaspace       used 98491K, committed 99200K, reserved 1138688K
  class space    used 13330K, committed 13632K, reserved 1048576K
}
Event: 14.441 GC heap before
{Heap before GC invocations=40 (full 0):
 garbage-first heap   total 353280K, used 287729K [0x00000000a0000000, 0x0000000100000000)
  region size 1024K, 105 young (107520K), 2 survivors (2048K)
 Metaspace       used 99085K, committed 99840K, reserved 1138688K
  class space    used 13350K, committed 13696K, reserved 1048576K
}
Event: 14.448 GC heap after
{Heap after GC invocations=41 (full 0):
 garbage-first heap   total 353280K, used 190511K [0x00000000a0000000, 0x0000000100000000)
  region size 1024K, 10 young (10240K), 10 survivors (10240K)
 Metaspace       used 99085K, committed 99840K, reserved 1138688K
  class space    used 13350K, committed 13696K, reserved 1048576K
}
Event: 15.536 GC heap before
{Heap before GC invocations=41 (full 0):
 garbage-first heap   total 353280K, used 289839K [0x00000000a0000000, 0x0000000100000000)
  region size 1024K, 108 young (110592K), 10 survivors (10240K)
 Metaspace       used 104410K, committed 105152K, reserved 1146880K
  class space    used 14104K, committed 14464K, reserved 1048576K
}
Event: 15.550 GC heap after
{Heap after GC invocations=42 (full 0):
 garbage-first heap   total 353280K, used 196805K [0x00000000a0000000, 0x0000000100000000)
  region size 1024K, 7 young (7168K), 7 survivors (7168K)
 Metaspace       used 104410K, committed 105152K, reserved 1146880K
  class space    used 14104K, committed 14464K, reserved 1048576K
}
Event: 24.119 GC heap before
{Heap before GC invocations=42 (full 0):
 garbage-first heap   total 353280K, used 292037K [0x00000000a0000000, 0x0000000100000000)
  region size 1024K, 101 young (103424K), 7 survivors (7168K)
 Metaspace       used 108917K, committed 109696K, reserved 1146880K
  class space    used 14668K, committed 15040K, reserved 1048576K
}
Event: 24.132 GC heap after
{Heap after GC invocations=43 (full 0):
 garbage-first heap   total 353280K, used 206848K [0x00000000a0000000, 0x0000000100000000)
  region size 1024K, 13 young (13312K), 13 survivors (13312K)
 Metaspace       used 108917K, committed 109696K, reserved 1146880K
  class space    used 14668K, committed 15040K, reserved 1048576K
}
Event: 24.950 GC heap before
{Heap before GC invocations=44 (full 0):
 garbage-first heap   total 358400K, used 291840K [0x00000000a0000000, 0x0000000100000000)
  region size 1024K, 97 young (99328K), 13 survivors (13312K)
 Metaspace       used 110002K, committed 110848K, reserved 1146880K
  class space    used 14821K, committed 15232K, reserved 1048576K
}
Event: 24.968 GC heap after
{Heap after GC invocations=45 (full 0):
 garbage-first heap   total 358400K, used 219098K [0x00000000a0000000, 0x0000000100000000)
  region size 1024K, 12 young (12288K), 12 survivors (12288K)
 Metaspace       used 110002K, committed 110848K, reserved 1146880K
  class space    used 14821K, committed 15232K, reserved 1048576K
}
Event: 24.987 GC heap before
{Heap before GC invocations=45 (full 0):
 garbage-first heap   total 358400K, used 224218K [0x00000000a0000000, 0x0000000100000000)
  region size 1024K, 17 young (17408K), 12 survivors (12288K)
 Metaspace       used 110003K, committed 110848K, reserved 1146880K
  class space    used 14821K, committed 15232K, reserved 1048576K
}
Event: 25.004 GC heap after
{Heap after GC invocations=46 (full 0):
 garbage-first heap   total 358400K, used 219940K [0x00000000a0000000, 0x0000000100000000)
  region size 1024K, 2 young (2048K), 2 survivors (2048K)
 Metaspace       used 110003K, committed 110848K, reserved 1146880K
  class space    used 14821K, committed 15232K, reserved 1048576K
}
Event: 25.595 GC heap before
{Heap before GC invocations=46 (full 0):
 garbage-first heap   total 358400K, used 297764K [0x00000000a0000000, 0x0000000100000000)
  region size 1024K, 78 young (79872K), 2 survivors (2048K)
 Metaspace       used 111917K, committed 112768K, reserved 1146880K
  class space    used 15038K, committed 15424K, reserved 1048576K
}
Event: 25.602 GC heap after
{Heap after GC invocations=47 (full 0):
 garbage-first heap   total 358400K, used 224491K [0x00000000a0000000, 0x0000000100000000)
  region size 1024K, 7 young (7168K), 7 survivors (7168K)
 Metaspace       used 111917K, committed 112768K, reserved 1146880K
  class space    used 15038K, committed 15424K, reserved 1048576K
}
Event: 26.228 GC heap before
{Heap before GC invocations=47 (full 0):
 garbage-first heap   total 358400K, used 298219K [0x00000000a0000000, 0x0000000100000000)
  region size 1024K, 80 young (81920K), 7 survivors (7168K)
 Metaspace       used 113126K, committed 114048K, reserved 1155072K
  class space    used 15196K, committed 15616K, reserved 1048576K
}
Event: 26.237 GC heap after
{Heap after GC invocations=48 (full 0):
 garbage-first heap   total 358400K, used 229714K [0x00000000a0000000, 0x0000000100000000)
  region size 1024K, 6 young (6144K), 6 survivors (6144K)
 Metaspace       used 113126K, committed 114048K, reserved 1155072K
  class space    used 15196K, committed 15616K, reserved 1048576K
}
Event: 26.624 GC heap before
{Heap before GC invocations=48 (full 0):
 garbage-first heap   total 358400K, used 300370K [0x00000000a0000000, 0x0000000100000000)
  region size 1024K, 76 young (77824K), 6 survivors (6144K)
 Metaspace       used 113439K, committed 114368K, reserved 1155072K
  class space    used 15232K, committed 15680K, reserved 1048576K
}
Event: 26.631 GC heap after
{Heap after GC invocations=49 (full 0):
 garbage-first heap   total 358400K, used 234108K [0x00000000a0000000, 0x0000000100000000)
  region size 1024K, 5 young (5120K), 5 survivors (5120K)
 Metaspace       used 113439K, committed 114368K, reserved 1155072K
  class space    used 15232K, committed 15680K, reserved 1048576K
}

