# JRE version: OpenJDK Runtime Environment (17.0.6) (build 17.0.6+0-b2043.56-9586694)
# Java VM: OpenJDK 64-Bit Server VM (17.0.6+0-b2043.56-9586694, mixed mode, tiered, compressed oops, compressed class ptrs, g1 gc, windows-amd64)
GC Precious Log:
 CPUs: 8 total, 8 available
 Memory: 10178M
 Large Page Support: Disabled
 NUMA Support: Disabled
 Compressed Oops: Enabled (32-bit)
 Heap Region Size: 1M
 Heap Min Capacity: 8M
 Heap Initial Capacity: 160M
 Heap Max Capacity: 1536M
 Pre-touch: Disabled
 Parallel Workers: 8
 Concurrent Workers: 2
 Concurrent Refinement Workers: 8
 Periodic GC: Disabled
Heap:
 garbage-first heap   total 329728K, used 238514K [0x00000000a0000000, 0x0000000100000000)
  region size 1024K, 55 young (56320K), 8 survivors (8192K)
 Metaspace       used 102158K, committed 102912K, reserved 1138688K
  class space    used 13734K, committed 14080K, reserved 1048576K
GC Heap History (20 events):
Event: 24.255 GC heap before
{Heap before GC invocations=52 (full 0):
 garbage-first heap   total 227328K, used 144535K [0x00000000a0000000, 0x0000000100000000)
  region size 1024K, 11 young (11264K), 2 survivors (2048K)
 Metaspace       used 79644K, committed 80192K, reserved 1122304K
  class space    used 10626K, committed 10880K, reserved 1048576K
}
Event: 24.261 GC heap after
{Heap after GC invocations=53 (full 0):
 garbage-first heap   total 227328K, used 135775K [0x00000000a0000000, 0x0000000100000000)
  region size 1024K, 1 young (1024K), 1 survivors (1024K)
 Metaspace       used 79644K, committed 80192K, reserved 1122304K
  class space    used 10626K, committed 10880K, reserved 1048576K
}
Event: 24.634 GC heap before
{Heap before GC invocations=53 (full 0):
 garbage-first heap   total 227328K, used 146015K [0x00000000a0000000, 0x0000000100000000)
  region size 1024K, 12 young (12288K), 1 survivors (1024K)
 Metaspace       used 81267K, committed 81856K, reserved 1122304K
  class space    used 10885K, committed 11136K, reserved 1048576K
}
Event: 24.636 GC heap after
{Heap after GC invocations=54 (full 0):
 garbage-first heap   total 227328K, used 136180K [0x00000000a0000000, 0x0000000100000000)
  region size 1024K, 2 young (2048K), 2 survivors (2048K)
 Metaspace       used 81267K, committed 81856K, reserved 1122304K
  class space    used 10885K, committed 11136K, reserved 1048576K
}
Event: 25.987 GC heap before
{Heap before GC invocations=55 (full 0):
 garbage-first heap   total 276480K, used 209908K [0x00000000a0000000, 0x0000000100000000)
  region size 1024K, 46 young (47104K), 2 survivors (2048K)
 Metaspace       used 83635K, committed 84352K, reserved 1122304K
  class space    used 11263K, committed 11584K, reserved 1048576K
}
Event: 25.994 GC heap after
{Heap after GC invocations=56 (full 0):
 garbage-first heap   total 276480K, used 173534K [0x00000000a0000000, 0x0000000100000000)
  region size 1024K, 6 young (6144K), 6 survivors (6144K)
 Metaspace       used 83635K, committed 84352K, reserved 1122304K
  class space    used 11263K, committed 11584K, reserved 1048576K
}
Event: 26.238 GC heap before
{Heap before GC invocations=56 (full 0):
 garbage-first heap   total 276480K, used 183774K [0x00000000a0000000, 0x0000000100000000)
  region size 1024K, 18 young (18432K), 6 survivors (6144K)
 Metaspace       used 84964K, committed 85632K, reserved 1130496K
  class space    used 11415K, committed 11776K, reserved 1048576K
}
Event: 26.243 GC heap after
{Heap after GC invocations=57 (full 0):
 garbage-first heap   total 276480K, used 175022K [0x00000000a0000000, 0x0000000100000000)
  region size 1024K, 2 young (2048K), 2 survivors (2048K)
 Metaspace       used 84964K, committed 85632K, reserved 1130496K
  class space    used 11415K, committed 11776K, reserved 1048576K
}
Event: 28.733 GC heap before
{Heap before GC invocations=58 (full 0):
 garbage-first heap   total 296960K, used 221102K [0x00000000a0000000, 0x0000000100000000)
  region size 1024K, 46 young (47104K), 2 survivors (2048K)
 Metaspace       used 93050K, committed 93696K, reserved 1130496K
  class space    used 12420K, committed 12736K, reserved 1048576K
}
Event: 28.737 GC heap after
{Heap after GC invocations=59 (full 0):
 garbage-first heap   total 296960K, used 176407K [0x00000000a0000000, 0x0000000100000000)
  region size 1024K, 4 young (4096K), 4 survivors (4096K)
 Metaspace       used 93050K, committed 93696K, reserved 1130496K
  class space    used 12420K, committed 12736K, reserved 1048576K
}
Event: 29.037 GC heap before
{Heap before GC invocations=59 (full 0):
 garbage-first heap   total 296960K, used 186647K [0x00000000a0000000, 0x0000000100000000)
  region size 1024K, 14 young (14336K), 4 survivors (4096K)
 Metaspace       used 94042K, committed 94784K, reserved 1138688K
  class space    used 12566K, committed 12928K, reserved 1048576K
}
Event: 29.042 GC heap after
{Heap after GC invocations=60 (full 0):
 garbage-first heap   total 296960K, used 176654K [0x00000000a0000000, 0x0000000100000000)
  region size 1024K, 1 young (1024K), 1 survivors (1024K)
 Metaspace       used 94042K, committed 94784K, reserved 1138688K
  class space    used 12566K, committed 12928K, reserved 1048576K
}
Event: 31.037 GC heap before
{Heap before GC invocations=60 (full 0):
 garbage-first heap   total 296960K, used 230926K [0x00000000a0000000, 0x0000000100000000)
  region size 1024K, 54 young (55296K), 1 survivors (1024K)
 Metaspace       used 97063K, committed 97792K, reserved 1138688K
  class space    used 13076K, committed 13440K, reserved 1048576K
}
Event: 31.043 GC heap after
{Heap after GC invocations=61 (full 0):
 garbage-first heap   total 296960K, used 180841K [0x00000000a0000000, 0x0000000100000000)
  region size 1024K, 5 young (5120K), 5 survivors (5120K)
 Metaspace       used 97063K, committed 97792K, reserved 1138688K
  class space    used 13076K, committed 13440K, reserved 1048576K
}
Event: 32.001 GC heap before
{Heap before GC invocations=62 (full 0):
 garbage-first heap   total 309248K, used 242281K [0x00000000a0000000, 0x0000000100000000)
  region size 1024K, 66 young (67584K), 5 survivors (5120K)
 Metaspace       used 97402K, committed 98112K, reserved 1138688K
  class space    used 13081K, committed 13440K, reserved 1048576K
}
Event: 32.010 GC heap after
{Heap after GC invocations=63 (full 0):
 garbage-first heap   total 309248K, used 186086K [0x00000000a0000000, 0x0000000100000000)
  region size 1024K, 9 young (9216K), 9 survivors (9216K)
 Metaspace       used 97402K, committed 98112K, reserved 1138688K
  class space    used 13081K, committed 13440K, reserved 1048576K
}
Event: 32.078 GC heap before
{Heap before GC invocations=63 (full 0):
 garbage-first heap   total 309248K, used 191206K [0x00000000a0000000, 0x0000000100000000)
  region size 1024K, 15 young (15360K), 9 survivors (9216K)
 Metaspace       used 97470K, committed 98176K, reserved 1138688K
  class space    used 13081K, committed 13440K, reserved 1048576K
}
Event: 32.084 GC heap after
{Heap after GC invocations=64 (full 0):
 garbage-first heap   total 309248K, used 187210K [0x00000000a0000000, 0x0000000100000000)
  region size 1024K, 2 young (2048K), 2 survivors (2048K)
 Metaspace       used 97470K, committed 98176K, reserved 1138688K
  class space    used 13081K, committed 13440K, reserved 1048576K
}
Event: 33.380 GC heap before
{Heap before GC invocations=64 (full 0):
 garbage-first heap   total 309248K, used 253770K [0x00000000a0000000, 0x0000000100000000)
  region size 1024K, 68 young (69632K), 2 survivors (2048K)
 Metaspace       used 98711K, committed 99392K, reserved 1138688K
  class space    used 13227K, committed 13568K, reserved 1048576K
}
Event: 33.387 GC heap after
{Heap after GC invocations=65 (full 0):
 garbage-first heap   total 309248K, used 192434K [0x00000000a0000000, 0x0000000100000000)
  region size 1024K, 8 young (8192K), 8 survivors (8192K)
 Metaspace       used 98711K, committed 99392K, reserved 1138688K
  class space    used 13227K, committed 13568K, reserved 1048576K
}

