# JRE version: OpenJDK Runtime Environment (17.0.6) (build 17.0.6+0-b2043.56-9586694)
# Java VM: OpenJDK 64-Bit Server VM (17.0.6+0-b2043.56-9586694, mixed mode, tiered, compressed oops, compressed class ptrs, g1 gc, windows-amd64)
GC Precious Log:
 CPUs: 8 total, 8 available
 Memory: 10178M
 Large Page Support: Disabled
 NUMA Support: Disabled
 Compressed Oops: Enabled (32-bit)
 Heap Region Size: 1M
 Heap Min Capacity: 8M
 Heap Initial Capacity: 160M
 Heap Max Capacity: 1536M
 Pre-touch: Disabled
 Parallel Workers: 8
 Concurrent Workers: 2
 Concurrent Refinement Workers: 8
 Periodic GC: Disabled
Heap:
 garbage-first heap   total 440320K, used 146349K [0x00000000a0000000, 0x0000000100000000)
  region size 1024K, 1 young (1024K), 1 survivors (1024K)
 Metaspace       used 125803K, committed 127360K, reserved 1163264K
  class space    used 16578K, committed 17344K, reserved 1048576K
GC Heap History (20 events):
Event: 12364.723 GC heap after
{Heap after GC invocations=106 (full 0):
 garbage-first heap   total 440320K, used 163881K [0x00000000a0000000, 0x0000000100000000)
  region size 1024K, 25 young (25600K), 25 survivors (25600K)
 Metaspace       used 123741K, committed 124928K, reserved 1163264K
  class space    used 16297K, committed 16832K, reserved 1048576K
}
Event: 12364.727 GC heap before
{Heap before GC invocations=106 (full 0):
 garbage-first heap   total 440320K, used 164905K [0x00000000a0000000, 0x0000000100000000)
  region size 1024K, 26 young (26624K), 25 survivors (25600K)
 Metaspace       used 123742K, committed 124928K, reserved 1163264K
  class space    used 16297K, committed 16832K, reserved 1048576K
}
Event: 12364.752 GC heap after
{Heap after GC invocations=107 (full 0):
 garbage-first heap   total 440320K, used 143565K [0x00000000a0000000, 0x0000000100000000)
  region size 1024K, 1 young (1024K), 1 survivors (1024K)
 Metaspace       used 123742K, committed 124928K, reserved 1163264K
  class space    used 16297K, committed 16832K, reserved 1048576K
}
Event: 12364.791 GC heap before
{Heap before GC invocations=107 (full 0):
 garbage-first heap   total 440320K, used 149709K [0x00000000a0000000, 0x0000000100000000)
  region size 1024K, 8 young (8192K), 1 survivors (1024K)
 Metaspace       used 123742K, committed 124928K, reserved 1163264K
  class space    used 16297K, committed 16832K, reserved 1048576K
}
Event: 12364.793 GC heap after
{Heap after GC invocations=108 (full 0):
 garbage-first heap   total 440320K, used 143798K [0x00000000a0000000, 0x0000000100000000)
  region size 1024K, 2 young (2048K), 2 survivors (2048K)
 Metaspace       used 123742K, committed 124928K, reserved 1163264K
  class space    used 16297K, committed 16832K, reserved 1048576K
}
Event: 12983.794 GC heap before
{Heap before GC invocations=109 (full 0):
 garbage-first heap   total 440320K, used 350646K [0x00000000a0000000, 0x0000000100000000)
  region size 1024K, 181 young (185344K), 2 survivors (2048K)
 Metaspace       used 124354K, committed 125760K, reserved 1163264K
  class space    used 16439K, committed 17088K, reserved 1048576K
}
Event: 12983.803 GC heap after
{Heap after GC invocations=110 (full 0):
 garbage-first heap   total 440320K, used 149521K [0x00000000a0000000, 0x0000000100000000)
  region size 1024K, 8 young (8192K), 8 survivors (8192K)
 Metaspace       used 124354K, committed 125760K, reserved 1163264K
  class space    used 16439K, committed 17088K, reserved 1048576K
}
Event: 12983.974 GC heap before
{Heap before GC invocations=110 (full 0):
 garbage-first heap   total 440320K, used 161809K [0x00000000a0000000, 0x0000000100000000)
  region size 1024K, 21 young (21504K), 8 survivors (8192K)
 Metaspace       used 124910K, committed 126464K, reserved 1163264K
  class space    used 16535K, committed 17280K, reserved 1048576K
}
Event: 12983.984 GC heap after
{Heap after GC invocations=111 (full 0):
 garbage-first heap   total 440320K, used 147934K [0x00000000a0000000, 0x0000000100000000)
  region size 1024K, 3 young (3072K), 3 survivors (3072K)
 Metaspace       used 124910K, committed 126464K, reserved 1163264K
  class space    used 16535K, committed 17280K, reserved 1048576K
}
Event: 13570.688 GC heap before
{Heap before GC invocations=111 (full 0):
 garbage-first heap   total 440320K, used 333278K [0x00000000a0000000, 0x0000000100000000)
  region size 1024K, 185 young (189440K), 3 survivors (3072K)
 Metaspace       used 125258K, committed 126912K, reserved 1163264K
  class space    used 16568K, committed 17344K, reserved 1048576K
}
Event: 13570.694 GC heap after
{Heap after GC invocations=112 (full 0):
 garbage-first heap   total 440320K, used 149754K [0x00000000a0000000, 0x0000000100000000)
  region size 1024K, 5 young (5120K), 5 survivors (5120K)
 Metaspace       used 125258K, committed 126912K, reserved 1163264K
  class space    used 16568K, committed 17344K, reserved 1048576K
}
Event: 14752.863 GC heap before
{Heap before GC invocations=113 (full 0):
 garbage-first heap   total 427008K, used 309498K [0x00000000a0000000, 0x0000000100000000)
  region size 1024K, 193 young (197632K), 5 survivors (5120K)
 Metaspace       used 125546K, committed 127168K, reserved 1163264K
  class space    used 16586K, committed 17344K, reserved 1048576K
}
Event: 14752.879 GC heap after
{Heap after GC invocations=114 (full 0):
 garbage-first heap   total 427008K, used 126163K [0x00000000a0000000, 0x0000000100000000)
  region size 1024K, 13 young (13312K), 13 survivors (13312K)
 Metaspace       used 125546K, committed 127168K, reserved 1163264K
  class space    used 16586K, committed 17344K, reserved 1048576K
}
Event: 14752.920 GC heap before
{Heap before GC invocations=114 (full 0):
 garbage-first heap   total 427008K, used 133331K [0x00000000a0000000, 0x0000000100000000)
  region size 1024K, 20 young (20480K), 13 survivors (13312K)
 Metaspace       used 125546K, committed 127168K, reserved 1163264K
  class space    used 16586K, committed 17344K, reserved 1048576K
}
Event: 14752.961 GC heap after
{Heap after GC invocations=115 (full 0):
 garbage-first heap   total 427008K, used 107859K [0x00000000a0000000, 0x0000000100000000)
  region size 1024K, 3 young (3072K), 3 survivors (3072K)
 Metaspace       used 125546K, committed 127168K, reserved 1163264K
  class space    used 16586K, committed 17344K, reserved 1048576K
}
Event: 14753.166 GC heap before
{Heap before GC invocations=115 (full 0):
 garbage-first heap   total 427008K, used 124243K [0x00000000a0000000, 0x0000000100000000)
  region size 1024K, 20 young (20480K), 3 survivors (3072K)
 Metaspace       used 125592K, committed 127168K, reserved 1163264K
  class space    used 16586K, committed 17344K, reserved 1048576K
}
Event: 14753.173 GC heap after
{Heap after GC invocations=116 (full 0):
 garbage-first heap   total 427008K, used 109706K [0x00000000a0000000, 0x0000000100000000)
  region size 1024K, 5 young (5120K), 5 survivors (5120K)
 Metaspace       used 125592K, committed 127168K, reserved 1163264K
  class space    used 16586K, committed 17344K, reserved 1048576K
}
Event: 14754.222 GC heap before
{Heap before GC invocations=117 (full 0):
 garbage-first heap   total 427008K, used 329866K [0x00000000a0000000, 0x0000000100000000)
  region size 1024K, 206 young (210944K), 5 survivors (5120K)
 Metaspace       used 125803K, committed 127360K, reserved 1163264K
  class space    used 16578K, committed 17344K, reserved 1048576K
}
Event: 14754.262 GC heap after
{Heap after GC invocations=118 (full 0):
 garbage-first heap   total 427008K, used 150868K [0x00000000a0000000, 0x0000000100000000)
  region size 1024K, 26 young (26624K), 26 survivors (26624K)
 Metaspace       used 125803K, committed 127360K, reserved 1163264K
  class space    used 16578K, committed 17344K, reserved 1048576K
}
Event: 14754.271 GC heap before
{Heap before GC invocations=118 (full 0):
 garbage-first heap   total 427008K, used 150868K [0x00000000a0000000, 0x0000000100000000)
  region size 1024K, 27 young (27648K), 26 survivors (26624K)
 Metaspace       used 125803K, committed 127360K, reserved 1163264K
  class space    used 16578K, committed 17344K, reserved 1048576K
}

