# JRE version: OpenJDK Runtime Environment (17.0.6) (build 17.0.6+0-b2043.56-9586694)
# Java VM: OpenJDK 64-Bit Server VM (17.0.6+0-b2043.56-9586694, mixed mode, tiered, compressed oops, compressed class ptrs, g1 gc, windows-amd64)
GC Precious Log:
 CPUs: 8 total, 8 available
 Memory: 10178M
 Large Page Support: Disabled
 NUMA Support: Disabled
 Compressed Oops: Enabled (32-bit)
 Heap Region Size: 1M
 Heap Min Capacity: 8M
 Heap Initial Capacity: 160M
 Heap Max Capacity: 1536M
 Pre-touch: Disabled
 Parallel Workers: 8
 Concurrent Workers: 2
 Concurrent Refinement Workers: 8
 Periodic GC: Disabled
Heap:
 garbage-first heap   total 176128K, used 112541K [0x00000000a0000000, 0x0000000100000000)
  region size 1024K, 5 young (5120K), 5 survivors (5120K)
 Metaspace       used 101073K, committed 101888K, reserved 1138688K
  class space    used 13330K, committed 13696K, reserved 1048576K
GC Heap History (20 events):
Event: 88.338 GC heap after
{Heap after GC invocations=46 (full 0):
 garbage-first heap   total 157696K, used 79620K [0x00000000a0000000, 0x0000000100000000)
  region size 1024K, 1 young (1024K), 1 survivors (1024K)
 Metaspace       used 88556K, committed 89152K, reserved 1130496K
  class space    used 11949K, committed 12288K, reserved 1048576K
}
Event: 818.618 GC heap before
{Heap before GC invocations=46 (full 0):
 garbage-first heap   total 157696K, used 125700K [0x00000000a0000000, 0x0000000100000000)
  region size 1024K, 47 young (48128K), 1 survivors (1024K)
 Metaspace       used 89201K, committed 89856K, reserved 1130496K
  class space    used 11960K, committed 12288K, reserved 1048576K
}
Event: 818.626 GC heap after
{Heap after GC invocations=47 (full 0):
 garbage-first heap   total 157696K, used 82132K [0x00000000a0000000, 0x0000000100000000)
  region size 1024K, 4 young (4096K), 4 survivors (4096K)
 Metaspace       used 89201K, committed 89856K, reserved 1130496K
  class space    used 11960K, committed 12288K, reserved 1048576K
}
Event: 862.369 GC heap before
{Heap before GC invocations=48 (full 0):
 garbage-first heap   total 157696K, used 127188K [0x00000000a0000000, 0x0000000100000000)
  region size 1024K, 49 young (50176K), 4 survivors (4096K)
 Metaspace       used 90244K, committed 90880K, reserved 1130496K
  class space    used 12062K, committed 12416K, reserved 1048576K
}
Event: 862.380 GC heap after
{Heap after GC invocations=49 (full 0):
 garbage-first heap   total 157696K, used 87515K [0x00000000a0000000, 0x0000000100000000)
  region size 1024K, 7 young (7168K), 7 survivors (7168K)
 Metaspace       used 90244K, committed 90880K, reserved 1130496K
  class space    used 12062K, committed 12416K, reserved 1048576K
}
Event: 862.388 GC heap before
{Heap before GC invocations=49 (full 0):
 garbage-first heap   total 157696K, used 88539K [0x00000000a0000000, 0x0000000100000000)
  region size 1024K, 8 young (8192K), 7 survivors (7168K)
 Metaspace       used 90245K, committed 90880K, reserved 1130496K
  class space    used 12062K, committed 12416K, reserved 1048576K
}
Event: 862.398 GC heap after
{Heap after GC invocations=50 (full 0):
 garbage-first heap   total 157696K, used 87185K [0x00000000a0000000, 0x0000000100000000)
  region size 1024K, 1 young (1024K), 1 survivors (1024K)
 Metaspace       used 90245K, committed 90880K, reserved 1130496K
  class space    used 12062K, committed 12416K, reserved 1048576K
}
Event: 863.765 GC heap before
{Heap before GC invocations=50 (full 0):
 garbage-first heap   total 157696K, used 118929K [0x00000000a0000000, 0x0000000100000000)
  region size 1024K, 34 young (34816K), 1 survivors (1024K)
 Metaspace       used 97161K, committed 97856K, reserved 1138688K
  class space    used 12944K, committed 13312K, reserved 1048576K
}
Event: 863.772 GC heap after
{Heap after GC invocations=51 (full 0):
 garbage-first heap   total 157696K, used 89109K [0x00000000a0000000, 0x0000000100000000)
  region size 1024K, 3 young (3072K), 3 survivors (3072K)
 Metaspace       used 97161K, committed 97856K, reserved 1138688K
  class space    used 12944K, committed 13312K, reserved 1048576K
}
Event: 866.814 GC heap before
{Heap before GC invocations=52 (full 0):
 garbage-first heap   total 165888K, used 131093K [0x00000000a0000000, 0x0000000100000000)
  region size 1024K, 42 young (43008K), 3 survivors (3072K)
 Metaspace       used 99561K, committed 100224K, reserved 1138688K
  class space    used 13251K, committed 13568K, reserved 1048576K
}
Event: 866.829 GC heap after
{Heap after GC invocations=53 (full 0):
 garbage-first heap   total 165888K, used 98868K [0x00000000a0000000, 0x0000000100000000)
  region size 1024K, 6 young (6144K), 6 survivors (6144K)
 Metaspace       used 99561K, committed 100224K, reserved 1138688K
  class space    used 13251K, committed 13568K, reserved 1048576K
}
Event: 867.062 GC heap before
{Heap before GC invocations=53 (full 0):
 garbage-first heap   total 165888K, used 100916K [0x00000000a0000000, 0x0000000100000000)
  region size 1024K, 8 young (8192K), 6 survivors (6144K)
 Metaspace       used 99687K, committed 100352K, reserved 1138688K
  class space    used 13252K, committed 13568K, reserved 1048576K
}
Event: 867.075 GC heap after
{Heap after GC invocations=54 (full 0):
 garbage-first heap   total 165888K, used 97796K [0x00000000a0000000, 0x0000000100000000)
  region size 1024K, 1 young (1024K), 1 survivors (1024K)
 Metaspace       used 99687K, committed 100352K, reserved 1138688K
  class space    used 13252K, committed 13568K, reserved 1048576K
}
Event: 877.550 GC heap before
{Heap before GC invocations=54 (full 0):
 garbage-first heap   total 165888K, used 133636K [0x00000000a0000000, 0x0000000100000000)
  region size 1024K, 37 young (37888K), 1 survivors (1024K)
 Metaspace       used 100299K, committed 100992K, reserved 1138688K
  class space    used 13316K, committed 13632K, reserved 1048576K
}
Event: 877.558 GC heap after
{Heap after GC invocations=55 (full 0):
 garbage-first heap   total 165888K, used 100247K [0x00000000a0000000, 0x0000000100000000)
  region size 1024K, 4 young (4096K), 4 survivors (4096K)
 Metaspace       used 100299K, committed 100992K, reserved 1138688K
  class space    used 13316K, committed 13632K, reserved 1048576K
}
Event: 879.416 GC heap before
{Heap before GC invocations=56 (full 0):
 garbage-first heap   total 176128K, used 137111K [0x00000000a0000000, 0x0000000100000000)
  region size 1024K, 39 young (39936K), 4 survivors (4096K)
 Metaspace       used 100697K, committed 101440K, reserved 1138688K
  class space    used 13326K, committed 13696K, reserved 1048576K
}
Event: 879.430 GC heap after
{Heap after GC invocations=57 (full 0):
 garbage-first heap   total 176128K, used 110051K [0x00000000a0000000, 0x0000000100000000)
  region size 1024K, 5 young (5120K), 5 survivors (5120K)
 Metaspace       used 100697K, committed 101440K, reserved 1138688K
  class space    used 13326K, committed 13696K, reserved 1048576K
}
Event: 879.476 GC heap before
{Heap before GC invocations=57 (full 0):
 garbage-first heap   total 176128K, used 113123K [0x00000000a0000000, 0x0000000100000000)
  region size 1024K, 8 young (8192K), 5 survivors (5120K)
 Metaspace       used 100698K, committed 101440K, reserved 1138688K
  class space    used 13326K, committed 13696K, reserved 1048576K
}
Event: 879.492 GC heap after
{Heap after GC invocations=58 (full 0):
 garbage-first heap   total 176128K, used 107754K [0x00000000a0000000, 0x0000000100000000)
  region size 1024K, 1 young (1024K), 1 survivors (1024K)
 Metaspace       used 100698K, committed 101440K, reserved 1138688K
  class space    used 13326K, committed 13696K, reserved 1048576K
}
Event: 880.702 GC heap before
{Heap before GC invocations=58 (full 0):
 garbage-first heap   total 176128K, used 141546K [0x00000000a0000000, 0x0000000100000000)
  region size 1024K, 34 young (34816K), 1 survivors (1024K)
 Metaspace       used 101073K, committed 101888K, reserved 1138688K
  class space    used 13330K, committed 13696K, reserved 1048576K
}

