# JRE version: OpenJDK Runtime Environment (17.0.6) (build 17.0.6+0-b2043.56-9586694)
# Java VM: OpenJDK 64-Bit Server VM (17.0.6+0-b2043.56-9586694, mixed mode, tiered, compressed oops, compressed class ptrs, g1 gc, windows-amd64)
GC Precious Log:
 CPUs: 8 total, 8 available
 Memory: 10178M
 Large Page Support: Disabled
 NUMA Support: Disabled
 Compressed Oops: Enabled (32-bit)
 Heap Region Size: 1M
 Heap Min Capacity: 8M
 Heap Initial Capacity: 160M
 Heap Max Capacity: 1536M
 Pre-touch: Disabled
 Parallel Workers: 8
 Concurrent Workers: 2
 Concurrent Refinement Workers: 8
 Periodic GC: Disabled
Heap:
 garbage-first heap   total 367616K, used 265448K [0x00000000a0000000, 0x0000000100000000)
  region size 1024K, 7 young (7168K), 7 survivors (7168K)
 Metaspace       used 129700K, committed 130816K, reserved 1163264K
  class space    used 16920K, committed 17408K, reserved 1048576K
GC Heap History (20 events):
Event: 4703.093 GC heap after
{Heap after GC invocations=95 (full 0):
 garbage-first heap   total 367616K, used 130415K [0x00000000a0000000, 0x0000000100000000)
  region size 1024K, 12 young (12288K), 12 survivors (12288K)
 Metaspace       used 121589K, committed 122688K, reserved 1163264K
  class space    used 16155K, committed 16768K, reserved 1048576K
}
Event: 4710.185 GC heap before
{Heap before GC invocations=95 (full 0):
 garbage-first heap   total 367616K, used 222575K [0x00000000a0000000, 0x0000000100000000)
  region size 1024K, 101 young (103424K), 12 survivors (12288K)
 Metaspace       used 122466K, committed 123520K, reserved 1163264K
  class space    used 16304K, committed 16768K, reserved 1048576K
}
Event: 4710.199 GC heap after
{Heap after GC invocations=96 (full 0):
 garbage-first heap   total 367616K, used 141398K [0x00000000a0000000, 0x0000000100000000)
  region size 1024K, 13 young (13312K), 13 survivors (13312K)
 Metaspace       used 122466K, committed 123520K, reserved 1163264K
  class space    used 16304K, committed 16768K, reserved 1048576K
}
Event: 4716.168 GC heap before
{Heap before GC invocations=96 (full 0):
 garbage-first heap   total 367616K, used 233558K [0x00000000a0000000, 0x0000000100000000)
  region size 1024K, 104 young (106496K), 13 survivors (13312K)
 Metaspace       used 123829K, committed 124928K, reserved 1163264K
  class space    used 16424K, committed 16896K, reserved 1048576K
}
Event: 4716.181 GC heap after
{Heap after GC invocations=97 (full 0):
 garbage-first heap   total 367616K, used 142756K [0x00000000a0000000, 0x0000000100000000)
  region size 1024K, 10 young (10240K), 10 survivors (10240K)
 Metaspace       used 123829K, committed 124928K, reserved 1163264K
  class space    used 16424K, committed 16896K, reserved 1048576K
}
Event: 4717.425 GC heap before
{Heap before GC invocations=97 (full 0):
 garbage-first heap   total 367616K, used 244132K [0x00000000a0000000, 0x0000000100000000)
  region size 1024K, 108 young (110592K), 10 survivors (10240K)
 Metaspace       used 125183K, committed 126272K, reserved 1163264K
  class space    used 16531K, committed 17024K, reserved 1048576K
}
Event: 4717.451 GC heap after
{Heap after GC invocations=98 (full 0):
 garbage-first heap   total 367616K, used 158457K [0x00000000a0000000, 0x0000000100000000)
  region size 1024K, 14 young (14336K), 14 survivors (14336K)
 Metaspace       used 125183K, committed 126272K, reserved 1163264K
  class space    used 16531K, committed 17024K, reserved 1048576K
}
Event: 4726.062 GC heap before
{Heap before GC invocations=98 (full 0):
 garbage-first heap   total 367616K, used 257785K [0x00000000a0000000, 0x0000000100000000)
  region size 1024K, 110 young (112640K), 14 survivors (14336K)
 Metaspace       used 125869K, committed 126976K, reserved 1163264K
  class space    used 16602K, committed 17088K, reserved 1048576K
}
Event: 4726.086 GC heap after
{Heap after GC invocations=99 (full 0):
 garbage-first heap   total 367616K, used 171514K [0x00000000a0000000, 0x0000000100000000)
  region size 1024K, 14 young (14336K), 14 survivors (14336K)
 Metaspace       used 125869K, committed 126976K, reserved 1163264K
  class space    used 16602K, committed 17088K, reserved 1048576K
}
Event: 4727.277 GC heap before
{Heap before GC invocations=99 (full 0):
 garbage-first heap   total 367616K, used 267770K [0x00000000a0000000, 0x0000000100000000)
  region size 1024K, 105 young (107520K), 14 survivors (14336K)
 Metaspace       used 127700K, committed 128768K, reserved 1163264K
  class space    used 16761K, committed 17216K, reserved 1048576K
}
Event: 4727.298 GC heap after
{Heap after GC invocations=100 (full 0):
 garbage-first heap   total 367616K, used 178978K [0x00000000a0000000, 0x0000000100000000)
  region size 1024K, 9 young (9216K), 9 survivors (9216K)
 Metaspace       used 127700K, committed 128768K, reserved 1163264K
  class space    used 16761K, committed 17216K, reserved 1048576K
}
Event: 4727.769 GC heap before
{Heap before GC invocations=100 (full 0):
 garbage-first heap   total 367616K, used 273186K [0x00000000a0000000, 0x0000000100000000)
  region size 1024K, 102 young (104448K), 9 survivors (9216K)
 Metaspace       used 128621K, committed 129728K, reserved 1163264K
  class space    used 16859K, committed 17344K, reserved 1048576K
}
Event: 4727.794 GC heap after
{Heap after GC invocations=101 (full 0):
 garbage-first heap   total 367616K, used 195508K [0x00000000a0000000, 0x0000000100000000)
  region size 1024K, 13 young (13312K), 13 survivors (13312K)
 Metaspace       used 128621K, committed 129728K, reserved 1163264K
  class space    used 16859K, committed 17344K, reserved 1048576K
}
Event: 4728.119 GC heap before
{Heap before GC invocations=101 (full 0):
 garbage-first heap   total 367616K, used 279476K [0x00000000a0000000, 0x0000000100000000)
  region size 1024K, 96 young (98304K), 13 survivors (13312K)
 Metaspace       used 129303K, committed 130368K, reserved 1163264K
  class space    used 16882K, committed 17344K, reserved 1048576K
}
Event: 4728.135 GC heap after
{Heap after GC invocations=102 (full 0):
 garbage-first heap   total 367616K, used 202128K [0x00000000a0000000, 0x0000000100000000)
  region size 1024K, 6 young (6144K), 6 survivors (6144K)
 Metaspace       used 129303K, committed 130368K, reserved 1163264K
  class space    used 16882K, committed 17344K, reserved 1048576K
}
Event: 4728.579 GC heap before
{Heap before GC invocations=102 (full 0):
 garbage-first heap   total 367616K, used 302480K [0x00000000a0000000, 0x0000000100000000)
  region size 1024K, 90 young (92160K), 6 survivors (6144K)
 Metaspace       used 129679K, committed 130816K, reserved 1163264K
  class space    used 16919K, committed 17408K, reserved 1048576K
}
Event: 4728.600 GC heap after
{Heap after GC invocations=103 (full 0):
 garbage-first heap   total 367616K, used 225591K [0x00000000a0000000, 0x0000000100000000)
  region size 1024K, 12 young (12288K), 12 survivors (12288K)
 Metaspace       used 129679K, committed 130816K, reserved 1163264K
  class space    used 16919K, committed 17408K, reserved 1048576K
}
Event: 4728.943 GC heap before
{Heap before GC invocations=103 (full 0):
 garbage-first heap   total 367616K, used 291127K [0x00000000a0000000, 0x0000000100000000)
  region size 1024K, 77 young (78848K), 12 survivors (12288K)
 Metaspace       used 129689K, committed 130816K, reserved 1163264K
  class space    used 16920K, committed 17408K, reserved 1048576K
}
Event: 4728.972 GC heap after
{Heap after GC invocations=104 (full 0):
 garbage-first heap   total 367616K, used 251514K [0x00000000a0000000, 0x0000000100000000)
  region size 1024K, 10 young (10240K), 10 survivors (10240K)
 Metaspace       used 129689K, committed 130816K, reserved 1163264K
  class space    used 16920K, committed 17408K, reserved 1048576K
}
Event: 4729.468 GC heap before
{Heap before GC invocations=104 (full 0):
 garbage-first heap   total 367616K, used 300666K [0x00000000a0000000, 0x0000000100000000)
  region size 1024K, 54 young (55296K), 10 survivors (10240K)
 Metaspace       used 129700K, committed 130816K, reserved 1163264K
  class space    used 16920K, committed 17408K, reserved 1048576K
}

