# JRE version: OpenJDK Runtime Environment (17.0.6) (build 17.0.6+0-b2043.56-9586694)
# Java VM: OpenJDK 64-Bit Server VM (17.0.6+0-b2043.56-9586694, mixed mode, tiered, compressed oops, compressed class ptrs, g1 gc, windows-amd64)
GC Precious Log:
 CPUs: 8 total, 8 available
 Memory: 10178M
 Large Page Support: Disabled
 NUMA Support: Disabled
 Compressed Oops: Enabled (32-bit)
 Heap Region Size: 1M
 Heap Min Capacity: 8M
 Heap Initial Capacity: 160M
 Heap Max Capacity: 1536M
 Pre-touch: Disabled
 Parallel Workers: 8
 Concurrent Workers: 2
 Concurrent Refinement Workers: 8
 Periodic GC: Disabled
Heap:
 garbage-first heap   total 394240K, used 189089K [0x00000000a0000000, 0x0000000100000000)
  region size 1024K, 10 young (10240K), 10 survivors (10240K)
 Metaspace       used 114012K, committed 114688K, reserved 1155072K
  class space    used 15496K, committed 15808K, reserved 1048576K
GC Heap History (20 events):
Event: 13.718 GC heap after
{Heap after GC invocations=51 (full 0):
 garbage-first heap   total 226304K, used 148000K [0x00000000a0000000, 0x0000000100000000)
  region size 1024K, 6 young (6144K), 6 survivors (6144K)
 Metaspace       used 90658K, committed 91328K, reserved 1130496K
  class space    used 12533K, committed 12864K, reserved 1048576K
}
Event: 14.164 GC heap before
{Heap before GC invocations=51 (full 0):
 garbage-first heap   total 226304K, used 184864K [0x00000000a0000000, 0x0000000100000000)
  region size 1024K, 39 young (39936K), 6 survivors (6144K)
 Metaspace       used 90938K, committed 91584K, reserved 1130496K
  class space    used 12568K, committed 12864K, reserved 1048576K
}
Event: 14.174 GC heap after
{Heap after GC invocations=52 (full 0):
 garbage-first heap   total 226304K, used 157952K [0x00000000a0000000, 0x0000000100000000)
  region size 1024K, 5 young (5120K), 5 survivors (5120K)
 Metaspace       used 90938K, committed 91584K, reserved 1130496K
  class space    used 12568K, committed 12864K, reserved 1048576K
}
Event: 14.277 GC heap before
{Heap before GC invocations=52 (full 0):
 garbage-first heap   total 226304K, used 192768K [0x00000000a0000000, 0x0000000100000000)
  region size 1024K, 32 young (32768K), 5 survivors (5120K)
 Metaspace       used 91006K, committed 91648K, reserved 1130496K
  class space    used 12570K, committed 12864K, reserved 1048576K
}
Event: 14.282 GC heap after
{Heap after GC invocations=53 (full 0):
 garbage-first heap   total 226304K, used 170240K [0x00000000a0000000, 0x0000000100000000)
  region size 1024K, 4 young (4096K), 4 survivors (4096K)
 Metaspace       used 91006K, committed 91648K, reserved 1130496K
  class space    used 12570K, committed 12864K, reserved 1048576K
}
Event: 14.391 GC heap before
{Heap before GC invocations=53 (full 0):
 garbage-first heap   total 226304K, used 189696K [0x00000000a0000000, 0x0000000100000000)
  region size 1024K, 23 young (23552K), 4 survivors (4096K)
 Metaspace       used 91073K, committed 91712K, reserved 1130496K
  class space    used 12573K, committed 12864K, reserved 1048576K
}
Event: 14.397 GC heap after
{Heap after GC invocations=54 (full 0):
 garbage-first heap   total 394240K, used 171441K [0x00000000a0000000, 0x0000000100000000)
  region size 1024K, 1 young (1024K), 1 survivors (1024K)
 Metaspace       used 91073K, committed 91712K, reserved 1130496K
  class space    used 12573K, committed 12864K, reserved 1048576K
}
Event: 610.473 GC heap before
{Heap before GC invocations=54 (full 0):
 garbage-first heap   total 394240K, used 320945K [0x00000000a0000000, 0x0000000100000000)
  region size 1024K, 129 young (132096K), 1 survivors (1024K)
 Metaspace       used 97813K, committed 98432K, reserved 1138688K
  class space    used 13492K, committed 13760K, reserved 1048576K
}
Event: 610.486 GC heap after
{Heap after GC invocations=55 (full 0):
 garbage-first heap   total 394240K, used 175862K [0x00000000a0000000, 0x0000000100000000)
  region size 1024K, 6 young (6144K), 6 survivors (6144K)
 Metaspace       used 97813K, committed 98432K, reserved 1138688K
  class space    used 13492K, committed 13760K, reserved 1048576K
}
Event: 612.970 GC heap before
{Heap before GC invocations=55 (full 0):
 garbage-first heap   total 394240K, used 318198K [0x00000000a0000000, 0x0000000100000000)
  region size 1024K, 144 young (147456K), 6 survivors (6144K)
 Metaspace       used 109497K, committed 110144K, reserved 1146880K
  class space    used 14885K, committed 15168K, reserved 1048576K
}
Event: 612.981 GC heap after
{Heap after GC invocations=56 (full 0):
 garbage-first heap   total 394240K, used 185767K [0x00000000a0000000, 0x0000000100000000)
  region size 1024K, 13 young (13312K), 13 survivors (13312K)
 Metaspace       used 109497K, committed 110144K, reserved 1146880K
  class space    used 14885K, committed 15168K, reserved 1048576K
}
Event: 614.287 GC heap before
{Heap before GC invocations=56 (full 0):
 garbage-first heap   total 394240K, used 335271K [0x00000000a0000000, 0x0000000100000000)
  region size 1024K, 143 young (146432K), 13 survivors (13312K)
 Metaspace       used 113218K, committed 113920K, reserved 1146880K
  class space    used 15449K, committed 15744K, reserved 1048576K
}
Event: 614.340 GC heap after
{Heap after GC invocations=57 (full 0):
 garbage-first heap   total 394240K, used 237269K [0x00000000a0000000, 0x0000000100000000)
  region size 1024K, 18 young (18432K), 18 survivors (18432K)
 Metaspace       used 113218K, committed 113920K, reserved 1146880K
  class space    used 15449K, committed 15744K, reserved 1048576K
}
Event: 614.859 GC heap before
{Heap before GC invocations=57 (full 0):
 garbage-first heap   total 394240K, used 309973K [0x00000000a0000000, 0x0000000100000000)
  region size 1024K, 85 young (87040K), 18 survivors (18432K)
 Metaspace       used 113235K, committed 113920K, reserved 1146880K
  class space    used 15449K, committed 15744K, reserved 1048576K
}
Event: 614.888 GC heap after
{Heap after GC invocations=58 (full 0):
 garbage-first heap   total 394240K, used 245423K [0x00000000a0000000, 0x0000000100000000)
  region size 1024K, 9 young (9216K), 9 survivors (9216K)
 Metaspace       used 113235K, committed 113920K, reserved 1146880K
  class space    used 15449K, committed 15744K, reserved 1048576K
}
Event: 615.433 GC heap before
{Heap before GC invocations=59 (full 0):
 garbage-first heap   total 394240K, used 261807K [0x00000000a0000000, 0x0000000100000000)
  region size 1024K, 74 young (75776K), 9 survivors (9216K)
 Metaspace       used 113221K, committed 113920K, reserved 1146880K
  class space    used 15445K, committed 15744K, reserved 1048576K
}
Event: 615.451 GC heap after
{Heap after GC invocations=60 (full 0):
 garbage-first heap   total 394240K, used 207616K [0x00000000a0000000, 0x0000000100000000)
  region size 1024K, 10 young (10240K), 10 survivors (10240K)
 Metaspace       used 113221K, committed 113920K, reserved 1146880K
  class space    used 15445K, committed 15744K, reserved 1048576K
}
Event: 615.519 GC heap before
{Heap before GC invocations=60 (full 0):
 garbage-first heap   total 394240K, used 222976K [0x00000000a0000000, 0x0000000100000000)
  region size 1024K, 19 young (19456K), 10 survivors (10240K)
 Metaspace       used 113221K, committed 113920K, reserved 1146880K
  class space    used 15445K, committed 15744K, reserved 1048576K
}
Event: 615.529 GC heap after
{Heap after GC invocations=61 (full 0):
 garbage-first heap   total 394240K, used 185147K [0x00000000a0000000, 0x0000000100000000)
  region size 1024K, 2 young (2048K), 2 survivors (2048K)
 Metaspace       used 113221K, committed 113920K, reserved 1146880K
  class space    used 15445K, committed 15744K, reserved 1048576K
}
Event: 780.266 GC heap before
{Heap before GC invocations=61 (full 0):
 garbage-first heap   total 394240K, used 314171K [0x00000000a0000000, 0x0000000100000000)
  region size 1024K, 108 young (110592K), 2 survivors (2048K)
 Metaspace       used 114012K, committed 114688K, reserved 1155072K
  class space    used 15496K, committed 15808K, reserved 1048576K
}

