# JRE version: OpenJDK Runtime Environment (17.0.6) (build 17.0.6+0-b2043.56-9586694)
# Java VM: OpenJDK 64-Bit Server VM (17.0.6+0-b2043.56-9586694, mixed mode, tiered, compressed oops, compressed class ptrs, g1 gc, windows-amd64)
GC Precious Log:
 CPUs: 8 total, 8 available
 Memory: 10178M
 Large Page Support: Disabled
 NUMA Support: Disabled
 Compressed Oops: Enabled (32-bit)
 Heap Region Size: 1M
 Heap Min Capacity: 8M
 Heap Initial Capacity: 160M
 Heap Max Capacity: 1536M
 Pre-touch: Disabled
 Parallel Workers: 8
 Concurrent Workers: 2
 Concurrent Refinement Workers: 8
 Periodic GC: Disabled
Heap:
 garbage-first heap   total 225280K, used 104588K [0x00000000a0000000, 0x0000000100000000)
  region size 1024K, 30 young (30720K), 6 survivors (6144K)
 Metaspace       used 82402K, committed 83008K, reserved 1122304K
  class space    used 11118K, committed 11392K, reserved 1048576K
GC Heap History (20 events):
Event: 12.216 GC heap before
{Heap before GC invocations=37 (full 0):
 garbage-first heap   total 99328K, used 80643K [0x00000000a0000000, 0x0000000100000000)
  region size 1024K, 24 young (24576K), 1 survivors (1024K)
 Metaspace       used 72639K, committed 73216K, reserved 1114112K
  class space    used 9737K, committed 9984K, reserved 1048576K
}
Event: 12.219 GC heap after
{Heap after GC invocations=38 (full 0):
 garbage-first heap   total 99328K, used 58407K [0x00000000a0000000, 0x0000000100000000)
  region size 1024K, 2 young (2048K), 2 survivors (2048K)
 Metaspace       used 72639K, committed 73216K, reserved 1114112K
  class space    used 9737K, committed 9984K, reserved 1048576K
}
Event: 12.809 GC heap before
{Heap before GC invocations=39 (full 0):
 garbage-first heap   total 104448K, used 80935K [0x00000000a0000000, 0x0000000100000000)
  region size 1024K, 24 young (24576K), 2 survivors (2048K)
 Metaspace       used 75867K, committed 76352K, reserved 1122304K
  class space    used 10211K, committed 10432K, reserved 1048576K
}
Event: 12.815 GC heap after
{Heap after GC invocations=40 (full 0):
 garbage-first heap   total 104448K, used 60043K [0x00000000a0000000, 0x0000000100000000)
  region size 1024K, 3 young (3072K), 3 survivors (3072K)
 Metaspace       used 75867K, committed 76352K, reserved 1122304K
  class space    used 10211K, committed 10432K, reserved 1048576K
}
Event: 12.922 GC heap before
{Heap before GC invocations=40 (full 0):
 garbage-first heap   total 104448K, used 61067K [0x00000000a0000000, 0x0000000100000000)
  region size 1024K, 5 young (5120K), 3 survivors (3072K)
 Metaspace       used 76056K, committed 76608K, reserved 1122304K
  class space    used 10228K, committed 10496K, reserved 1048576K
}
Event: 12.927 GC heap after
{Heap after GC invocations=41 (full 0):
 garbage-first heap   total 104448K, used 60360K [0x00000000a0000000, 0x0000000100000000)
  region size 1024K, 1 young (1024K), 1 survivors (1024K)
 Metaspace       used 76056K, committed 76608K, reserved 1122304K
  class space    used 10228K, committed 10496K, reserved 1048576K
}
Event: 13.294 GC heap before
{Heap before GC invocations=41 (full 0):
 garbage-first heap   total 104448K, used 84936K [0x00000000a0000000, 0x0000000100000000)
  region size 1024K, 26 young (26624K), 1 survivors (1024K)
 Metaspace       used 77751K, committed 78272K, reserved 1122304K
  class space    used 10448K, committed 10688K, reserved 1048576K
}
Event: 13.298 GC heap after
{Heap after GC invocations=42 (full 0):
 garbage-first heap   total 104448K, used 62580K [0x00000000a0000000, 0x0000000100000000)
  region size 1024K, 3 young (3072K), 3 survivors (3072K)
 Metaspace       used 77751K, committed 78272K, reserved 1122304K
  class space    used 10448K, committed 10688K, reserved 1048576K
}
Event: 13.584 GC heap before
{Heap before GC invocations=43 (full 0):
 garbage-first heap   total 112640K, used 86132K [0x00000000a0000000, 0x0000000100000000)
  region size 1024K, 26 young (26624K), 3 survivors (3072K)
 Metaspace       used 77860K, committed 78400K, reserved 1122304K
  class space    used 10456K, committed 10688K, reserved 1048576K
}
Event: 13.590 GC heap after
{Heap after GC invocations=44 (full 0):
 garbage-first heap   total 112640K, used 66651K [0x00000000a0000000, 0x0000000100000000)
  region size 1024K, 4 young (4096K), 4 survivors (4096K)
 Metaspace       used 77860K, committed 78400K, reserved 1122304K
  class space    used 10456K, committed 10688K, reserved 1048576K
}
Event: 13.600 GC heap before
{Heap before GC invocations=44 (full 0):
 garbage-first heap   total 112640K, used 67675K [0x00000000a0000000, 0x0000000100000000)
  region size 1024K, 5 young (5120K), 4 survivors (4096K)
 Metaspace       used 77861K, committed 78400K, reserved 1122304K
  class space    used 10456K, committed 10688K, reserved 1048576K
}
Event: 13.604 GC heap after
{Heap after GC invocations=45 (full 0):
 garbage-first heap   total 112640K, used 67166K [0x00000000a0000000, 0x0000000100000000)
  region size 1024K, 1 young (1024K), 1 survivors (1024K)
 Metaspace       used 77861K, committed 78400K, reserved 1122304K
  class space    used 10456K, committed 10688K, reserved 1048576K
}
Event: 14.447 GC heap before
{Heap before GC invocations=45 (full 0):
 garbage-first heap   total 112640K, used 90718K [0x00000000a0000000, 0x0000000100000000)
  region size 1024K, 25 young (25600K), 1 survivors (1024K)
 Metaspace       used 79706K, committed 80256K, reserved 1122304K
  class space    used 10818K, committed 11072K, reserved 1048576K
}
Event: 14.452 GC heap after
{Heap after GC invocations=46 (full 0):
 garbage-first heap   total 225280K, used 69967K [0x00000000a0000000, 0x0000000100000000)
  region size 1024K, 4 young (4096K), 4 survivors (4096K)
 Metaspace       used 79706K, committed 80256K, reserved 1122304K
  class space    used 10818K, committed 11072K, reserved 1048576K
}
Event: 16.547 GC heap before
{Heap before GC invocations=47 (full 0):
 garbage-first heap   total 225280K, used 167247K [0x00000000a0000000, 0x0000000100000000)
  region size 1024K, 99 young (101376K), 4 survivors (4096K)
 Metaspace       used 81192K, committed 81792K, reserved 1122304K
  class space    used 10988K, committed 11264K, reserved 1048576K
}
Event: 16.557 GC heap after
{Heap after GC invocations=48 (full 0):
 garbage-first heap   total 225280K, used 76786K [0x00000000a0000000, 0x0000000100000000)
  region size 1024K, 10 young (10240K), 10 survivors (10240K)
 Metaspace       used 81192K, committed 81792K, reserved 1122304K
  class space    used 10988K, committed 11264K, reserved 1048576K
}
Event: 16.586 GC heap before
{Heap before GC invocations=48 (full 0):
 garbage-first heap   total 225280K, used 77810K [0x00000000a0000000, 0x0000000100000000)
  region size 1024K, 11 young (11264K), 10 survivors (10240K)
 Metaspace       used 81202K, committed 81792K, reserved 1122304K
  class space    used 10988K, committed 11264K, reserved 1048576K
}
Event: 16.593 GC heap after
{Heap after GC invocations=49 (full 0):
 garbage-first heap   total 225280K, used 77802K [0x00000000a0000000, 0x0000000100000000)
  region size 1024K, 2 young (2048K), 2 survivors (2048K)
 Metaspace       used 81202K, committed 81792K, reserved 1122304K
  class space    used 10988K, committed 11264K, reserved 1048576K
}
Event: 17.637 GC heap before
{Heap before GC invocations=49 (full 0):
 garbage-first heap   total 225280K, used 169962K [0x00000000a0000000, 0x0000000100000000)
  region size 1024K, 93 young (95232K), 2 survivors (2048K)
 Metaspace       used 81771K, committed 82368K, reserved 1122304K
  class space    used 11031K, committed 11264K, reserved 1048576K
}
Event: 17.643 GC heap after
{Heap after GC invocations=50 (full 0):
 garbage-first heap   total 225280K, used 82060K [0x00000000a0000000, 0x0000000100000000)
  region size 1024K, 6 young (6144K), 6 survivors (6144K)
 Metaspace       used 81771K, committed 82368K, reserved 1122304K
  class space    used 11031K, committed 11264K, reserved 1048576K
}

