# JRE version: OpenJDK Runtime Environment (17.0.6) (build 17.0.6+0-b2043.56-9586694)
# Java VM: OpenJDK 64-Bit Server VM (17.0.6+0-b2043.56-9586694, mixed mode, tiered, compressed oops, compressed class ptrs, g1 gc, windows-amd64)
GC Precious Log:
 CPUs: 8 total, 8 available
 Memory: 10178M
 Large Page Support: Disabled
 NUMA Support: Disabled
 Compressed Oops: Enabled (32-bit)
 Heap Region Size: 1M
 Heap Min Capacity: 8M
 Heap Initial Capacity: 160M
 Heap Max Capacity: 1536M
 Pre-touch: Disabled
 Parallel Workers: 8
 Concurrent Workers: 2
 Concurrent Refinement Workers: 8
 Periodic GC: Disabled
Heap:
 garbage-first heap   total 437248K, used 159744K [0x00000000a0000000, 0x0000000100000000)
  region size 1024K, 5 young (5120K), 5 survivors (5120K)
 Metaspace       used 125584K, committed 126720K, reserved 1163264K
  class space    used 16654K, committed 17152K, reserved 1048576K
GC Heap History (20 events):
Event: 5308.159 GC heap after
{Heap after GC invocations=81 (full 0):
 garbage-first heap   total 536576K, used 110481K [0x00000000a0000000, 0x0000000100000000)
  region size 1024K, 4 young (4096K), 4 survivors (4096K)
 Metaspace       used 123914K, committed 125056K, reserved 1163264K
  class space    used 16562K, committed 17088K, reserved 1048576K
}
Event: 5308.437 GC heap before
{Heap before GC invocations=81 (full 0):
 garbage-first heap   total 536576K, used 127889K [0x00000000a0000000, 0x0000000100000000)
  region size 1024K, 23 young (23552K), 4 survivors (4096K)
 Metaspace       used 124073K, committed 125184K, reserved 1163264K
  class space    used 16585K, committed 17088K, reserved 1048576K
}
Event: 5308.442 GC heap after
{Heap after GC invocations=82 (full 0):
 garbage-first heap   total 536576K, used 113904K [0x00000000a0000000, 0x0000000100000000)
  region size 1024K, 8 young (8192K), 8 survivors (8192K)
 Metaspace       used 124073K, committed 125184K, reserved 1163264K
  class space    used 16585K, committed 17088K, reserved 1048576K
}
Event: 5310.321 GC heap before
{Heap before GC invocations=83 (full 0):
 garbage-first heap   total 416768K, used 379120K [0x00000000a0000000, 0x0000000100000000)
  region size 1024K, 249 young (254976K), 8 survivors (8192K)
 Metaspace       used 125202K, committed 126336K, reserved 1163264K
  class space    used 16629K, committed 17152K, reserved 1048576K
}
Event: 5310.378 GC heap after
{Heap after GC invocations=84 (full 0):
 garbage-first heap   total 437248K, used 169633K [0x00000000a0000000, 0x0000000100000000)
  region size 1024K, 39 young (39936K), 39 survivors (39936K)
 Metaspace       used 125202K, committed 126336K, reserved 1163264K
  class space    used 16629K, committed 17152K, reserved 1048576K
}
Event: 5310.407 GC heap before
{Heap before GC invocations=84 (full 0):
 garbage-first heap   total 437248K, used 173729K [0x00000000a0000000, 0x0000000100000000)
  region size 1024K, 40 young (40960K), 39 survivors (39936K)
 Metaspace       used 125202K, committed 126336K, reserved 1163264K
  class space    used 16629K, committed 17152K, reserved 1048576K
}
Event: 5310.449 GC heap after
{Heap after GC invocations=85 (full 0):
 garbage-first heap   total 437248K, used 162161K [0x00000000a0000000, 0x0000000100000000)
  region size 1024K, 2 young (2048K), 2 survivors (2048K)
 Metaspace       used 125202K, committed 126336K, reserved 1163264K
  class space    used 16629K, committed 17152K, reserved 1048576K
}
Event: 5310.519 GC heap before
{Heap before GC invocations=85 (full 0):
 garbage-first heap   total 437248K, used 166257K [0x00000000a0000000, 0x0000000100000000)
  region size 1024K, 8 young (8192K), 2 survivors (2048K)
 Metaspace       used 125203K, committed 126336K, reserved 1163264K
  class space    used 16629K, committed 17152K, reserved 1048576K
}
Event: 5310.522 GC heap after
{Heap after GC invocations=86 (full 0):
 garbage-first heap   total 437248K, used 162609K [0x00000000a0000000, 0x0000000100000000)
  region size 1024K, 2 young (2048K), 2 survivors (2048K)
 Metaspace       used 125203K, committed 126336K, reserved 1163264K
  class space    used 16629K, committed 17152K, reserved 1048576K
}
Event: 5665.179 GC heap before
{Heap before GC invocations=87 (full 0):
 garbage-first heap   total 437248K, used 361265K [0x00000000a0000000, 0x0000000100000000)
  region size 1024K, 168 young (172032K), 2 survivors (2048K)
 Metaspace       used 124360K, committed 125504K, reserved 1163264K
  class space    used 16565K, committed 17088K, reserved 1048576K
}
Event: 5665.193 GC heap after
{Heap after GC invocations=88 (full 0):
 garbage-first heap   total 437248K, used 175829K [0x00000000a0000000, 0x0000000100000000)
  region size 1024K, 16 young (16384K), 16 survivors (16384K)
 Metaspace       used 124360K, committed 125504K, reserved 1163264K
  class space    used 16565K, committed 17088K, reserved 1048576K
}
Event: 5665.332 GC heap before
{Heap before GC invocations=88 (full 0):
 garbage-first heap   total 437248K, used 180949K [0x00000000a0000000, 0x0000000100000000)
  region size 1024K, 21 young (21504K), 16 survivors (16384K)
 Metaspace       used 124360K, committed 125504K, reserved 1163264K
  class space    used 16565K, committed 17088K, reserved 1048576K
}
Event: 5665.346 GC heap after
{Heap after GC invocations=89 (full 0):
 garbage-first heap   total 437248K, used 170748K [0x00000000a0000000, 0x0000000100000000)
  region size 1024K, 3 young (3072K), 3 survivors (3072K)
 Metaspace       used 124360K, committed 125504K, reserved 1163264K
  class space    used 16565K, committed 17088K, reserved 1048576K
}
Event: 5665.762 GC heap before
{Heap before GC invocations=89 (full 0):
 garbage-first heap   total 437248K, used 206588K [0x00000000a0000000, 0x0000000100000000)
  region size 1024K, 40 young (40960K), 3 survivors (3072K)
 Metaspace       used 125465K, committed 126592K, reserved 1163264K
  class space    used 16653K, committed 17152K, reserved 1048576K
}
Event: 5665.768 GC heap after
{Heap after GC invocations=90 (full 0):
 garbage-first heap   total 437248K, used 174845K [0x00000000a0000000, 0x0000000100000000)
  region size 1024K, 7 young (7168K), 7 survivors (7168K)
 Metaspace       used 125465K, committed 126592K, reserved 1163264K
  class space    used 16653K, committed 17152K, reserved 1048576K
}
Event: 5666.461 GC heap before
{Heap before GC invocations=91 (full 0):
 garbage-first heap   total 437248K, used 313085K [0x00000000a0000000, 0x0000000100000000)
  region size 1024K, 161 young (164864K), 7 survivors (7168K)
 Metaspace       used 125583K, committed 126720K, reserved 1163264K
  class space    used 16654K, committed 17152K, reserved 1048576K
}
Event: 5666.500 GC heap after
{Heap after GC invocations=92 (full 0):
 garbage-first heap   total 437248K, used 189329K [0x00000000a0000000, 0x0000000100000000)
  region size 1024K, 21 young (21504K), 21 survivors (21504K)
 Metaspace       used 125583K, committed 126720K, reserved 1163264K
  class space    used 16654K, committed 17152K, reserved 1048576K
}
Event: 5666.511 GC heap before
{Heap before GC invocations=92 (full 0):
 garbage-first heap   total 437248K, used 190353K [0x00000000a0000000, 0x0000000100000000)
  region size 1024K, 22 young (22528K), 21 survivors (21504K)
 Metaspace       used 125583K, committed 126720K, reserved 1163264K
  class space    used 16654K, committed 17152K, reserved 1048576K
}
Event: 5666.535 GC heap after
{Heap after GC invocations=93 (full 0):
 garbage-first heap   total 437248K, used 157984K [0x00000000a0000000, 0x0000000100000000)
  region size 1024K, 3 young (3072K), 3 survivors (3072K)
 Metaspace       used 125583K, committed 126720K, reserved 1163264K
  class space    used 16654K, committed 17152K, reserved 1048576K
}
Event: 5666.597 GC heap before
{Heap before GC invocations=93 (full 0):
 garbage-first heap   total 437248K, used 169248K [0x00000000a0000000, 0x0000000100000000)
  region size 1024K, 15 young (15360K), 3 survivors (3072K)
 Metaspace       used 125584K, committed 126720K, reserved 1163264K
  class space    used 16654K, committed 17152K, reserved 1048576K
}

